2025-12-26 13:57:21,871+0000 INFO  [quartz-14-thread-4]  *TASK org.sonatype.nexus.repository.content.tasks.CreateComponentIndexTask - Task information:
2025-12-26 13:57:21,877+0000 INFO  [quartz-14-thread-4]  *TASK org.sonatype.nexus.repository.content.tasks.CreateComponentIndexTask -  ID: dada3e08-bcb2-48db-8c21-0dacb58ffe93
2025-12-26 13:57:21,877+0000 INFO  [quartz-14-thread-4]  *TASK org.sonatype.nexus.repository.content.tasks.CreateComponentIndexTask -  Type: create.component.index.task
2025-12-26 13:57:21,878+0000 INFO  [quartz-14-thread-4]  *TASK org.sonatype.nexus.repository.content.tasks.CreateComponentIndexTask -  Name: Repair - Recreate component indexes for performance
2025-12-26 13:57:21,878+0000 INFO  [quartz-14-thread-4]  *TASK org.sonatype.nexus.repository.content.tasks.CreateComponentIndexTask -  Description: Create new indexes for querying the various format component tables by full coordinates
2025-12-26 13:57:21,879+0000 INFO  [quartz-14-thread-4]  *TASK org.sonatype.nexus.repository.content.tasks.CreateComponentIndexTask - Task configuration: {.updated=2025-12-26T13:57:21.845Z, .name=Repair - Recreate component indexes for performance, .recoverable=false, .message=Create new indexes for querying the various format component tables by full coordinates, .id=dada3e08-bcb2-48db-8c21-0dacb58ffe93, .typeName=Repair - Recreate component indexes for performance, .visible=false, .typeId=create.component.index.task, .exposed=false, .created=2025-12-26T13:57:21.845Z}
2025-12-26 13:57:21,881+0000 INFO  [quartz-14-thread-4]  *TASK org.sonatype.nexus.repository.content.tasks.CreateComponentIndexService - Recreating component coordinate index for format: apt.  0% done
2025-12-26 13:57:21,882+0000 INFO  [quartz-14-thread-4]  *TASK org.sonatype.nexus.repository.content.tasks.CreateComponentIndexService - Recreating component coordinate index for format: maven2.  5% done
2025-12-26 13:57:21,883+0000 INFO  [quartz-14-thread-4]  *TASK org.sonatype.nexus.repository.content.tasks.CreateComponentIndexService - Recreating component coordinate index for format: raw.  10% done
2025-12-26 13:57:21,884+0000 INFO  [quartz-14-thread-4]  *TASK org.sonatype.nexus.repository.content.tasks.CreateComponentIndexService - Recreating component coordinate index for format: docker.  15% done
2025-12-26 13:57:21,885+0000 INFO  [quartz-14-thread-4]  *TASK org.sonatype.nexus.repository.content.tasks.CreateComponentIndexService - Recreating component coordinate index for format: gitlfs.  20% done
2025-12-26 13:57:21,886+0000 INFO  [quartz-14-thread-4]  *TASK org.sonatype.nexus.repository.content.tasks.CreateComponentIndexService - Recreating component coordinate index for format: rubygems.  25% done
2025-12-26 13:57:21,886+0000 INFO  [quartz-14-thread-4]  *TASK org.sonatype.nexus.repository.content.tasks.CreateComponentIndexService - Recreating component coordinate index for format: yum.  30% done
2025-12-26 13:57:21,887+0000 INFO  [quartz-14-thread-4]  *TASK org.sonatype.nexus.repository.content.tasks.CreateComponentIndexService - Recreating component coordinate index for format: cargo.  35% done
2025-12-26 13:57:21,888+0000 INFO  [quartz-14-thread-4]  *TASK org.sonatype.nexus.repository.content.tasks.CreateComponentIndexService - Recreating component coordinate index for format: cocoapods.  40% done
2025-12-26 13:57:21,889+0000 INFO  [quartz-14-thread-4]  *TASK org.sonatype.nexus.repository.content.tasks.CreateComponentIndexService - Recreating component coordinate index for format: composer.  45% done
2025-12-26 13:57:21,890+0000 INFO  [quartz-14-thread-4]  *TASK org.sonatype.nexus.repository.content.tasks.CreateComponentIndexService - Recreating component coordinate index for format: conan.  50% done
2025-12-26 13:57:21,890+0000 INFO  [quartz-14-thread-4]  *TASK org.sonatype.nexus.repository.content.tasks.CreateComponentIndexService - Recreating component coordinate index for format: conda.  55% done
2025-12-26 13:57:21,891+0000 INFO  [quartz-14-thread-4]  *TASK org.sonatype.nexus.repository.content.tasks.CreateComponentIndexService - Recreating component coordinate index for format: go.  60% done
2025-12-26 13:57:21,892+0000 INFO  [quartz-14-thread-4]  *TASK org.sonatype.nexus.repository.content.tasks.CreateComponentIndexService - Recreating component coordinate index for format: helm.  65% done
2025-12-26 13:57:21,893+0000 INFO  [quartz-14-thread-4]  *TASK org.sonatype.nexus.repository.content.tasks.CreateComponentIndexService - Recreating component coordinate index for format: huggingface.  70% done
2025-12-26 13:57:21,894+0000 INFO  [quartz-14-thread-4]  *TASK org.sonatype.nexus.repository.content.tasks.CreateComponentIndexService - Recreating component coordinate index for format: npm.  75% done
2025-12-26 13:57:21,894+0000 INFO  [quartz-14-thread-4]  *TASK org.sonatype.nexus.repository.content.tasks.CreateComponentIndexService - Recreating component coordinate index for format: nuget.  80% done
2025-12-26 13:57:21,895+0000 INFO  [quartz-14-thread-4]  *TASK org.sonatype.nexus.repository.content.tasks.CreateComponentIndexService - Recreating component coordinate index for format: p2.  85% done
2025-12-26 13:57:21,896+0000 INFO  [quartz-14-thread-4]  *TASK org.sonatype.nexus.repository.content.tasks.CreateComponentIndexService - Recreating component coordinate index for format: pypi.  90% done
2025-12-26 13:57:21,897+0000 INFO  [quartz-14-thread-4]  *TASK org.sonatype.nexus.repository.content.tasks.CreateComponentIndexService - Recreating component coordinate index for format: r.  95% done
2025-12-26 13:57:21,898+0000 INFO  [quartz-14-thread-4]  *TASK org.sonatype.nexus.repository.content.tasks.CreateComponentIndexService - Recreating component coordinate index for all formats.  100% done
2025-12-26 13:57:21,898+0000 INFO  [quartz-14-thread-4]  *TASK org.sonatype.nexus.repository.content.tasks.CreateComponentIndexTask - Task complete
