2025-12-26 13:57:21,989+0000 INFO  [quartz-14-thread-6]  *TASK org.sonatype.nexus.repository.content.tasks.CreateAssetBlobIndexTask - Task information:
2025-12-26 13:57:21,994+0000 INFO  [quartz-14-thread-6]  *TASK org.sonatype.nexus.repository.content.tasks.CreateAssetBlobIndexTask -  ID: 4d90adbd-fa84-46b7-86bd-8810c09e6dac
2025-12-26 13:57:21,995+0000 INFO  [quartz-14-thread-6]  *TASK org.sonatype.nexus.repository.content.tasks.CreateAssetBlobIndexTask -  Type: repository.asset.blob.index.migration
2025-12-26 13:57:21,996+0000 INFO  [quartz-14-thread-6]  *TASK org.sonatype.nexus.repository.content.tasks.CreateAssetBlobIndexTask -  Name: Create asset blob index for blob_created and asset_blob_id
2025-12-26 13:57:21,997+0000 INFO  [quartz-14-thread-6]  *TASK org.sonatype.nexus.repository.content.tasks.CreateAssetBlobIndexTask -  Description: Creating asset blob indexes for blob_created and asset_blob_id
2025-12-26 13:57:21,998+0000 INFO  [quartz-14-thread-6]  *TASK org.sonatype.nexus.repository.content.tasks.CreateAssetBlobIndexTask - Task configuration: {.updated=2025-12-26T13:57:21.967Z, .name=Create asset blob index for blob_created and asset_blob_id, .recoverable=true, .message=Creating asset blob indexes for blob_created and asset_blob_id, .id=4d90adbd-fa84-46b7-86bd-8810c09e6dac, .typeName=Create asset blob index for blob_created and asset_blob_id, .visible=true, .typeId=repository.asset.blob.index.migration, .exposed=false, .created=2025-12-26T13:57:21.967Z}
2025-12-26 13:57:22,006+0000 INFO  [quartz-14-thread-6]  *TASK org.sonatype.nexus.repository.content.tasks.CreateAssetBlobIndexTask - Created index idx_apt_asset_blob_blob_created_asset_id on table apt_asset_blob
2025-12-26 13:57:22,011+0000 INFO  [quartz-14-thread-6]  *TASK org.sonatype.nexus.repository.content.tasks.CreateAssetBlobIndexTask - Created index idx_maven2_asset_blob_blob_created_asset_id on table maven2_asset_blob
2025-12-26 13:57:22,015+0000 INFO  [quartz-14-thread-6]  *TASK org.sonatype.nexus.repository.content.tasks.CreateAssetBlobIndexTask - Created index idx_raw_asset_blob_blob_created_asset_id on table raw_asset_blob
2025-12-26 13:57:22,019+0000 INFO  [quartz-14-thread-6]  *TASK org.sonatype.nexus.repository.content.tasks.CreateAssetBlobIndexTask - Created index idx_docker_asset_blob_blob_created_asset_id on table docker_asset_blob
2025-12-26 13:57:22,023+0000 INFO  [quartz-14-thread-6]  *TASK org.sonatype.nexus.repository.content.tasks.CreateAssetBlobIndexTask - Created index idx_gitlfs_asset_blob_blob_created_asset_id on table gitlfs_asset_blob
2025-12-26 13:57:22,027+0000 INFO  [quartz-14-thread-6]  *TASK org.sonatype.nexus.repository.content.tasks.CreateAssetBlobIndexTask - Created index idx_rubygems_asset_blob_blob_created_asset_id on table rubygems_asset_blob
2025-12-26 13:57:22,031+0000 INFO  [quartz-14-thread-6]  *TASK org.sonatype.nexus.repository.content.tasks.CreateAssetBlobIndexTask - Created index idx_yum_asset_blob_blob_created_asset_id on table yum_asset_blob
2025-12-26 13:57:22,035+0000 INFO  [quartz-14-thread-6]  *TASK org.sonatype.nexus.repository.content.tasks.CreateAssetBlobIndexTask - Created index idx_cargo_asset_blob_blob_created_asset_id on table cargo_asset_blob
2025-12-26 13:57:22,040+0000 INFO  [quartz-14-thread-6]  *TASK org.sonatype.nexus.repository.content.tasks.CreateAssetBlobIndexTask - Created index idx_cocoapods_asset_blob_blob_created_asset_id on table cocoapods_asset_blob
2025-12-26 13:57:22,045+0000 INFO  [quartz-14-thread-6]  *TASK org.sonatype.nexus.repository.content.tasks.CreateAssetBlobIndexTask - Created index idx_composer_asset_blob_blob_created_asset_id on table composer_asset_blob
2025-12-26 13:57:22,050+0000 INFO  [quartz-14-thread-6]  *TASK org.sonatype.nexus.repository.content.tasks.CreateAssetBlobIndexTask - Created index idx_conan_asset_blob_blob_created_asset_id on table conan_asset_blob
2025-12-26 13:57:22,054+0000 INFO  [quartz-14-thread-6]  *TASK org.sonatype.nexus.repository.content.tasks.CreateAssetBlobIndexTask - Created index idx_conda_asset_blob_blob_created_asset_id on table conda_asset_blob
2025-12-26 13:57:22,058+0000 INFO  [quartz-14-thread-6]  *TASK org.sonatype.nexus.repository.content.tasks.CreateAssetBlobIndexTask - Created index idx_go_asset_blob_blob_created_asset_id on table go_asset_blob
2025-12-26 13:57:22,062+0000 INFO  [quartz-14-thread-6]  *TASK org.sonatype.nexus.repository.content.tasks.CreateAssetBlobIndexTask - Created index idx_helm_asset_blob_blob_created_asset_id on table helm_asset_blob
2025-12-26 13:57:22,067+0000 INFO  [quartz-14-thread-6]  *TASK org.sonatype.nexus.repository.content.tasks.CreateAssetBlobIndexTask - Created index idx_huggingface_asset_blob_blob_created_asset_id on table huggingface_asset_blob
2025-12-26 13:57:22,071+0000 INFO  [quartz-14-thread-6]  *TASK org.sonatype.nexus.repository.content.tasks.CreateAssetBlobIndexTask - Created index idx_npm_asset_blob_blob_created_asset_id on table npm_asset_blob
2025-12-26 13:57:22,075+0000 INFO  [quartz-14-thread-6]  *TASK org.sonatype.nexus.repository.content.tasks.CreateAssetBlobIndexTask - Created index idx_nuget_asset_blob_blob_created_asset_id on table nuget_asset_blob
2025-12-26 13:57:22,080+0000 INFO  [quartz-14-thread-6]  *TASK org.sonatype.nexus.repository.content.tasks.CreateAssetBlobIndexTask - Created index idx_p2_asset_blob_blob_created_asset_id on table p2_asset_blob
2025-12-26 13:57:22,086+0000 INFO  [quartz-14-thread-6]  *TASK org.sonatype.nexus.repository.content.tasks.CreateAssetBlobIndexTask - Created index idx_pypi_asset_blob_blob_created_asset_id on table pypi_asset_blob
2025-12-26 13:57:22,091+0000 INFO  [quartz-14-thread-6]  *TASK org.sonatype.nexus.repository.content.tasks.CreateAssetBlobIndexTask - Created index idx_r_asset_blob_blob_created_asset_id on table r_asset_blob
2025-12-26 13:57:22,092+0000 INFO  [quartz-14-thread-6]  *TASK org.sonatype.nexus.repository.content.tasks.CreateAssetBlobIndexTask - Created 20 asset blob indexes
2025-12-26 13:57:22,093+0000 INFO  [quartz-14-thread-6]  *TASK org.sonatype.nexus.repository.content.tasks.CreateAssetBlobIndexTask - Task complete
